c:\users\tyler\desktop\bacnet-stack-0.8.2\ports\win32\microsoft visual studio 2010\bacnet object definitions\debug\vc120.pdb
c:\users\tyler\desktop\bacnet-stack-0.8.2\ports\win32\microsoft visual studio 2010\bacnet object definitions\debug\vc120.idb
c:\users\tyler\desktop\bacnet-stack-0.8.2\ports\win32\microsoft visual studio 2010\bacnet object definitions\debug\ai.obj
c:\users\tyler\desktop\bacnet-stack-0.8.2\ports\win32\microsoft visual studio 2010\bacnet object definitions\debug\ao.obj
c:\users\tyler\desktop\bacnet-stack-0.8.2\ports\win32\microsoft visual studio 2010\bacnet object definitions\debug\av.obj
c:\users\tyler\desktop\bacnet-stack-0.8.2\ports\win32\microsoft visual studio 2010\bacnet object definitions\debug\bacfile.obj
c:\users\tyler\desktop\bacnet-stack-0.8.2\ports\win32\microsoft visual studio 2010\bacnet object definitions\debug\bi.obj
c:\users\tyler\desktop\bacnet-stack-0.8.2\ports\win32\microsoft visual studio 2010\bacnet object definitions\debug\bo.obj
c:\users\tyler\desktop\bacnet-stack-0.8.2\ports\win32\microsoft visual studio 2010\bacnet object definitions\debug\bv.obj
c:\users\tyler\desktop\bacnet-stack-0.8.2\ports\win32\microsoft visual studio 2010\bacnet object definitions\debug\csv.obj
c:\users\tyler\desktop\bacnet-stack-0.8.2\ports\win32\microsoft visual studio 2010\bacnet object definitions\debug\device.obj
c:\users\tyler\desktop\bacnet-stack-0.8.2\ports\win32\microsoft visual studio 2010\bacnet object definitions\debug\lc.obj
c:\users\tyler\desktop\bacnet-stack-0.8.2\ports\win32\microsoft visual studio 2010\bacnet object definitions\debug\lo.obj
c:\users\tyler\desktop\bacnet-stack-0.8.2\ports\win32\microsoft visual studio 2010\bacnet object definitions\debug\lsp.obj
c:\users\tyler\desktop\bacnet-stack-0.8.2\ports\win32\microsoft visual studio 2010\bacnet object definitions\debug\ms-input.obj
c:\users\tyler\desktop\bacnet-stack-0.8.2\ports\win32\microsoft visual studio 2010\bacnet object definitions\debug\mso.obj
c:\users\tyler\desktop\bacnet-stack-0.8.2\ports\win32\microsoft visual studio 2010\bacnet object definitions\debug\msv.obj
c:\users\tyler\desktop\bacnet-stack-0.8.2\ports\win32\microsoft visual studio 2010\bacnet object definitions\debug\trendlog.obj
c:\users\tyler\desktop\bacnet-stack-0.8.2\ports\win32\microsoft visual studio 2010\debug\bacnet object definitions.lib
c:\users\tyler\desktop\bacnet-stack-0.8.2\ports\win32\microsoft visual studio 2010\bacnet object definitions\debug\bacnet o.6a8668e1.tlog\cl.command.1.tlog
c:\users\tyler\desktop\bacnet-stack-0.8.2\ports\win32\microsoft visual studio 2010\bacnet object definitions\debug\bacnet o.6a8668e1.tlog\cl.read.1.tlog
c:\users\tyler\desktop\bacnet-stack-0.8.2\ports\win32\microsoft visual studio 2010\bacnet object definitions\debug\bacnet o.6a8668e1.tlog\cl.write.1.tlog
c:\users\tyler\desktop\bacnet-stack-0.8.2\ports\win32\microsoft visual studio 2010\bacnet object definitions\debug\bacnet o.6a8668e1.tlog\lib-link.read.1.tlog
c:\users\tyler\desktop\bacnet-stack-0.8.2\ports\win32\microsoft visual studio 2010\bacnet object definitions\debug\bacnet o.6a8668e1.tlog\lib-link.write.1.tlog
c:\users\tyler\desktop\bacnet-stack-0.8.2\ports\win32\microsoft visual studio 2010\bacnet object definitions\debug\bacnet o.6a8668e1.tlog\lib.command.1.tlog
