Build started 3/10/2015 8:37:08 PM.
     1>Project "C:\Users\Tyler\Desktop\bacnet-stack-0.8.2\ports\win32\Microsoft Visual Studio 2005\BACnet Stack Library\BACnet Stack Library.vcxproj" on node 2 (Build target(s)).
     1>ClCompile:
         C:\Program Files (x86)\Microsoft Visual Studio 12.0\VC\bin\CL.exe /c /I..\.. /I..\..\..\..\include /I"H:\Program Files\Microsoft SDKs\Windows\v5.0\Include" /ZI /nologo /W3 /WX- /Od /Oy- /D WIN32 /D _DEBUG /D _LIB /D _UNICODE /D UNICODE /Gm /EHsc /RTC1 /MDd /GS /fp:precise /Zc:wchar_t /Zc:forScope /Fo"Debug\\" /Fd"Debug\vc120.pdb" /Gd /TC /analyze- /errorReport:prompt ..\..\..\..\demo\handler\h_arf_a.c ..\..\..\..\demo\handler\h_awf.c ..\..\..\..\demo\handler\h_cov.c ..\..\..\..\demo\handler\h_dcc.c ..\..\..\..\demo\handler\h_lso.c ..\..\..\..\demo\handler\h_rd.c ..\..\..\..\demo\handler\h_routed_npdu.c ..\..\..\..\demo\handler\h_rp.c ..\..\..\..\demo\handler\h_rp_a.c ..\..\..\..\demo\handler\h_rpm.c ..\..\..\..\demo\handler\h_rpm_a.c ..\..\..\..\demo\handler\h_rr.c ..\..\..\..\demo\handler\h_whohas.c ..\..\..\..\demo\handler\h_whois.c ..\..\..\..\demo\handler\h_wp.c ..\..\..\..\demo\handler\noserv.c ..\..\..\..\demo\handler\s_arfs.c ..\..\..\..\demo\handler\s_awfs.c ..\..\..\..\demo\handler\s_cov.c ..\..\..\..\demo\handler\s_dcc.c ..\..\..\..\demo\handler\s_iam.c ..\..\..\..\demo\handler\s_ihave.c ..\..\..\..\demo\handler\s_rd.c ..\..\..\..\demo\handler\s_router.c ..\..\..\..\demo\handler\s_rp.c ..\..\..\..\demo\handler\s_rpm.c ..\..\..\..\demo\handler\s_ts.c ..\..\..\..\demo\handler\s_uevent.c ..\..\..\..\demo\handler\s_whohas.c ..\..\..\..\demo\handler\s_whois.c ..\..\..\..\demo\handler\s_wp.c
         s_wp.c
     1>c:\users\tyler\desktop\bacnet-stack-0.8.2\demo\handler\s_wp.c(37): fatal error C1083: Cannot open include file: 'device.h': No such file or directory
         s_whois.c
         s_whohas.c
     1>c:\users\tyler\desktop\bacnet-stack-0.8.2\demo\handler\s_whohas.c(37): fatal error C1083: Cannot open include file: 'device.h': No such file or directory
         s_uevent.c
     1>c:\users\tyler\desktop\bacnet-stack-0.8.2\demo\handler\s_uevent.c(31): fatal error C1083: Cannot open include file: 'device.h': No such file or directory
         s_ts.c
     1>c:\users\tyler\desktop\bacnet-stack-0.8.2\demo\handler\s_ts.c(37): fatal error C1083: Cannot open include file: 'device.h': No such file or directory
         s_rpm.c
     1>c:\users\tyler\desktop\bacnet-stack-0.8.2\demo\handler\s_rpm.c(37): fatal error C1083: Cannot open include file: 'device.h': No such file or directory
         s_rp.c
     1>c:\users\tyler\desktop\bacnet-stack-0.8.2\demo\handler\s_rp.c(37): fatal error C1083: Cannot open include file: 'device.h': No such file or directory
         s_router.c
     1>c:\users\tyler\desktop\bacnet-stack-0.8.2\demo\handler\s_router.c(37): fatal error C1083: Cannot open include file: 'device.h': No such file or directory
         s_rd.c
     1>c:\users\tyler\desktop\bacnet-stack-0.8.2\demo\handler\s_rd.c(37): fatal error C1083: Cannot open include file: 'device.h': No such file or directory
         s_ihave.c
     1>c:\users\tyler\desktop\bacnet-stack-0.8.2\demo\handler\s_ihave.c(37): fatal error C1083: Cannot open include file: 'device.h': No such file or directory
         s_iam.c
     1>c:\users\tyler\desktop\bacnet-stack-0.8.2\demo\handler\s_iam.c(37): fatal error C1083: Cannot open include file: 'device.h': No such file or directory
         s_dcc.c
     1>c:\users\tyler\desktop\bacnet-stack-0.8.2\demo\handler\s_dcc.c(37): fatal error C1083: Cannot open include file: 'device.h': No such file or directory
         s_cov.c
     1>c:\users\tyler\desktop\bacnet-stack-0.8.2\demo\handler\s_cov.c(37): fatal error C1083: Cannot open include file: 'device.h': No such file or directory
         s_awfs.c
     1>c:\users\tyler\desktop\bacnet-stack-0.8.2\demo\handler\s_awfs.c(38): fatal error C1083: Cannot open include file: 'device.h': No such file or directory
         s_arfs.c
     1>c:\users\tyler\desktop\bacnet-stack-0.8.2\demo\handler\s_arfs.c(38): fatal error C1083: Cannot open include file: 'device.h': No such file or directory
         noserv.c
     1>c:\users\tyler\desktop\bacnet-stack-0.8.2\demo\handler\noserv.c(37): fatal error C1083: Cannot open include file: 'device.h': No such file or directory
         h_wp.c
     1>c:\users\tyler\desktop\bacnet-stack-0.8.2\demo\handler\h_wp.c(40): fatal error C1083: Cannot open include file: 'device.h': No such file or directory
         h_whois.c
     1>c:\users\tyler\desktop\bacnet-stack-0.8.2\demo\handler\h_whois.c(36): fatal error C1083: Cannot open include file: 'device.h': No such file or directory
         h_whohas.c
     1>c:\users\tyler\desktop\bacnet-stack-0.8.2\demo\handler\h_whohas.c(35): fatal error C1083: Cannot open include file: 'device.h': No such file or directory
         h_rr.c
     1>c:\users\tyler\desktop\bacnet-stack-0.8.2\demo\handler\h_rr.c(39): fatal error C1083: Cannot open include file: 'device.h': No such file or directory
         Generating Code...
         Compiling...
         h_rpm_a.c
     1>c:\users\tyler\desktop\bacnet-stack-0.8.2\demo\handler\h_rpm_a.c(37): fatal error C1083: Cannot open include file: 'device.h': No such file or directory
         h_rpm.c
     1>c:\users\tyler\desktop\bacnet-stack-0.8.2\demo\handler\h_rpm.c(45): fatal error C1083: Cannot open include file: 'device.h': No such file or directory
         h_rp_a.c
     1>c:\users\tyler\desktop\bacnet-stack-0.8.2\demo\handler\h_rp_a.c(36): fatal error C1083: Cannot open include file: 'device.h': No such file or directory
         h_rp.c
     1>c:\users\tyler\desktop\bacnet-stack-0.8.2\demo\handler\h_rp.c(42): fatal error C1083: Cannot open include file: 'device.h': No such file or directory
         h_routed_npdu.c
     1>c:\users\tyler\desktop\bacnet-stack-0.8.2\demo\handler\h_routed_npdu.c(38): fatal error C1083: Cannot open include file: 'device.h': No such file or directory
         h_rd.c
     1>c:\users\tyler\desktop\bacnet-stack-0.8.2\demo\handler\h_rd.c(41): fatal error C1083: Cannot open include file: 'device.h': No such file or directory
         h_lso.c
     1>c:\users\tyler\desktop\bacnet-stack-0.8.2\demo\handler\h_lso.c(39): fatal error C1083: Cannot open include file: 'device.h': No such file or directory
         h_dcc.c
     1>c:\users\tyler\desktop\bacnet-stack-0.8.2\demo\handler\h_dcc.c(41): fatal error C1083: Cannot open include file: 'device.h': No such file or directory
         h_cov.c
     1>c:\users\tyler\desktop\bacnet-stack-0.8.2\demo\handler\h_cov.c(47): fatal error C1083: Cannot open include file: 'device.h': No such file or directory
         h_awf.c
     1>c:\users\tyler\desktop\bacnet-stack-0.8.2\demo\handler\h_awf.c(41): fatal error C1083: Cannot open include file: 'device.h': No such file or directory
         h_arf_a.c
     1>c:\users\tyler\desktop\bacnet-stack-0.8.2\demo\handler\h_arf_a.c(35): fatal error C1083: Cannot open include file: 'device.h': No such file or directory
         Generating Code...
     1>Done Building Project "C:\Users\Tyler\Desktop\bacnet-stack-0.8.2\ports\win32\Microsoft Visual Studio 2005\BACnet Stack Library\BACnet Stack Library.vcxproj" (Build target(s)) -- FAILED.

Build FAILED.

Time Elapsed 00:00:05.21
