c:\users\tyler\desktop\bacnet-stack-0.8.2\ports\win32\microsoft visual studio 2010\bacnet handler library\debug\vc120.pdb
c:\users\tyler\desktop\bacnet-stack-0.8.2\ports\win32\microsoft visual studio 2010\bacnet handler library\debug\vc120.idb
c:\users\tyler\desktop\bacnet-stack-0.8.2\ports\win32\microsoft visual studio 2010\bacnet handler library\debug\h_wp.obj
c:\users\tyler\desktop\bacnet-stack-0.8.2\ports\win32\microsoft visual studio 2010\bacnet handler library\debug\h_wpm.obj
c:\users\tyler\desktop\bacnet-stack-0.8.2\ports\win32\microsoft visual studio 2010\bacnet handler library\debug\noserv.obj
c:\users\tyler\desktop\bacnet-stack-0.8.2\ports\win32\microsoft visual studio 2010\bacnet handler library\debug\objects.obj
c:\users\tyler\desktop\bacnet-stack-0.8.2\ports\win32\microsoft visual studio 2010\bacnet handler library\debug\s_arfs.obj
c:\users\tyler\desktop\bacnet-stack-0.8.2\ports\win32\microsoft visual studio 2010\bacnet handler library\debug\s_awfs.obj
c:\users\tyler\desktop\bacnet-stack-0.8.2\ports\win32\microsoft visual studio 2010\bacnet handler library\debug\s_cov.obj
c:\users\tyler\desktop\bacnet-stack-0.8.2\ports\win32\microsoft visual studio 2010\bacnet handler library\debug\s_dcc.obj
c:\users\tyler\desktop\bacnet-stack-0.8.2\ports\win32\microsoft visual studio 2010\bacnet handler library\debug\s_iam.obj
c:\users\tyler\desktop\bacnet-stack-0.8.2\ports\win32\microsoft visual studio 2010\bacnet handler library\debug\s_ihave.obj
c:\users\tyler\desktop\bacnet-stack-0.8.2\ports\win32\microsoft visual studio 2010\bacnet handler library\debug\s_rd.obj
c:\users\tyler\desktop\bacnet-stack-0.8.2\ports\win32\microsoft visual studio 2010\bacnet handler library\debug\s_router.obj
c:\users\tyler\desktop\bacnet-stack-0.8.2\ports\win32\microsoft visual studio 2010\bacnet handler library\debug\s_rp.obj
c:\users\tyler\desktop\bacnet-stack-0.8.2\ports\win32\microsoft visual studio 2010\bacnet handler library\debug\s_rpm.obj
c:\users\tyler\desktop\bacnet-stack-0.8.2\ports\win32\microsoft visual studio 2010\bacnet handler library\debug\s_ts.obj
c:\users\tyler\desktop\bacnet-stack-0.8.2\ports\win32\microsoft visual studio 2010\bacnet handler library\debug\s_uevent.obj
c:\users\tyler\desktop\bacnet-stack-0.8.2\ports\win32\microsoft visual studio 2010\bacnet handler library\debug\s_whohas.obj
c:\users\tyler\desktop\bacnet-stack-0.8.2\ports\win32\microsoft visual studio 2010\bacnet handler library\debug\s_whois.obj
c:\users\tyler\desktop\bacnet-stack-0.8.2\ports\win32\microsoft visual studio 2010\bacnet handler library\debug\s_wp.obj
c:\users\tyler\desktop\bacnet-stack-0.8.2\ports\win32\microsoft visual studio 2010\bacnet handler library\debug\txbuf.obj
c:\users\tyler\desktop\bacnet-stack-0.8.2\ports\win32\microsoft visual studio 2010\bacnet handler library\debug\h_arf.obj
c:\users\tyler\desktop\bacnet-stack-0.8.2\ports\win32\microsoft visual studio 2010\bacnet handler library\debug\h_arf_a.obj
c:\users\tyler\desktop\bacnet-stack-0.8.2\ports\win32\microsoft visual studio 2010\bacnet handler library\debug\h_awf.obj
c:\users\tyler\desktop\bacnet-stack-0.8.2\ports\win32\microsoft visual studio 2010\bacnet handler library\debug\h_cov.obj
c:\users\tyler\desktop\bacnet-stack-0.8.2\ports\win32\microsoft visual studio 2010\bacnet handler library\debug\h_dcc.obj
c:\users\tyler\desktop\bacnet-stack-0.8.2\ports\win32\microsoft visual studio 2010\bacnet handler library\debug\h_iam.obj
c:\users\tyler\desktop\bacnet-stack-0.8.2\ports\win32\microsoft visual studio 2010\bacnet handler library\debug\h_ihave.obj
c:\users\tyler\desktop\bacnet-stack-0.8.2\ports\win32\microsoft visual studio 2010\bacnet handler library\debug\h_lso.obj
c:\users\tyler\desktop\bacnet-stack-0.8.2\ports\win32\microsoft visual studio 2010\bacnet handler library\debug\h_npdu.obj
c:\users\tyler\desktop\bacnet-stack-0.8.2\ports\win32\microsoft visual studio 2010\bacnet handler library\debug\h_rd.obj
c:\users\tyler\desktop\bacnet-stack-0.8.2\ports\win32\microsoft visual studio 2010\bacnet handler library\debug\h_rp.obj
c:\users\tyler\desktop\bacnet-stack-0.8.2\ports\win32\microsoft visual studio 2010\bacnet handler library\debug\h_rpm.obj
c:\users\tyler\desktop\bacnet-stack-0.8.2\ports\win32\microsoft visual studio 2010\bacnet handler library\debug\h_rpm_a.obj
c:\users\tyler\desktop\bacnet-stack-0.8.2\ports\win32\microsoft visual studio 2010\bacnet handler library\debug\h_rp_a.obj
c:\users\tyler\desktop\bacnet-stack-0.8.2\ports\win32\microsoft visual studio 2010\bacnet handler library\debug\h_rr.obj
c:\users\tyler\desktop\bacnet-stack-0.8.2\ports\win32\microsoft visual studio 2010\bacnet handler library\debug\h_ts.obj
c:\users\tyler\desktop\bacnet-stack-0.8.2\ports\win32\microsoft visual studio 2010\bacnet handler library\debug\h_ucov.obj
c:\users\tyler\desktop\bacnet-stack-0.8.2\ports\win32\microsoft visual studio 2010\bacnet handler library\debug\h_upt.obj
c:\users\tyler\desktop\bacnet-stack-0.8.2\ports\win32\microsoft visual studio 2010\bacnet handler library\debug\h_whohas.obj
c:\users\tyler\desktop\bacnet-stack-0.8.2\ports\win32\microsoft visual studio 2010\bacnet handler library\debug\h_whois.obj
c:\users\tyler\desktop\bacnet-stack-0.8.2\ports\win32\microsoft visual studio 2010\bacnet handler library\debug\dlenv.obj
c:\users\tyler\desktop\bacnet-stack-0.8.2\ports\win32\microsoft visual studio 2010\debug\bacnet handler library.lib
c:\users\tyler\desktop\bacnet-stack-0.8.2\ports\win32\microsoft visual studio 2010\bacnet handler library\debug\bacnet h.9d4c3515.tlog\cl.command.1.tlog
c:\users\tyler\desktop\bacnet-stack-0.8.2\ports\win32\microsoft visual studio 2010\bacnet handler library\debug\bacnet h.9d4c3515.tlog\cl.read.1.tlog
c:\users\tyler\desktop\bacnet-stack-0.8.2\ports\win32\microsoft visual studio 2010\bacnet handler library\debug\bacnet h.9d4c3515.tlog\cl.write.1.tlog
c:\users\tyler\desktop\bacnet-stack-0.8.2\ports\win32\microsoft visual studio 2010\bacnet handler library\debug\bacnet h.9d4c3515.tlog\lib-link.read.1.tlog
c:\users\tyler\desktop\bacnet-stack-0.8.2\ports\win32\microsoft visual studio 2010\bacnet handler library\debug\bacnet h.9d4c3515.tlog\lib-link.write.1.tlog
c:\users\tyler\desktop\bacnet-stack-0.8.2\ports\win32\microsoft visual studio 2010\bacnet handler library\debug\bacnet h.9d4c3515.tlog\lib.command.1.tlog
