c:\users\tyler\desktop\bacnet-stack-0.8.2\ports\win32\microsoft visual studio 2010\bacnet stack library\debug\vc120.pdb
c:\users\tyler\desktop\bacnet-stack-0.8.2\ports\win32\microsoft visual studio 2010\bacnet stack library\debug\vc120.idb
c:\users\tyler\desktop\bacnet-stack-0.8.2\ports\win32\microsoft visual studio 2010\bacnet stack library\debug\mstptext.obj
c:\users\tyler\desktop\bacnet-stack-0.8.2\ports\win32\microsoft visual studio 2010\bacnet stack library\debug\npdu.obj
c:\users\tyler\desktop\bacnet-stack-0.8.2\ports\win32\microsoft visual studio 2010\bacnet stack library\debug\proplist.obj
c:\users\tyler\desktop\bacnet-stack-0.8.2\ports\win32\microsoft visual studio 2010\bacnet stack library\debug\ptransfer.obj
c:\users\tyler\desktop\bacnet-stack-0.8.2\ports\win32\microsoft visual studio 2010\bacnet stack library\debug\rd.obj
c:\users\tyler\desktop\bacnet-stack-0.8.2\ports\win32\microsoft visual studio 2010\bacnet stack library\debug\readrange.obj
c:\users\tyler\desktop\bacnet-stack-0.8.2\ports\win32\microsoft visual studio 2010\bacnet stack library\debug\reject.obj
c:\users\tyler\desktop\bacnet-stack-0.8.2\ports\win32\microsoft visual studio 2010\bacnet stack library\debug\ringbuf.obj
c:\users\tyler\desktop\bacnet-stack-0.8.2\ports\win32\microsoft visual studio 2010\bacnet stack library\debug\rp.obj
c:\users\tyler\desktop\bacnet-stack-0.8.2\ports\win32\microsoft visual studio 2010\bacnet stack library\debug\rpm.obj
c:\users\tyler\desktop\bacnet-stack-0.8.2\ports\win32\microsoft visual studio 2010\bacnet stack library\debug\sbuf.obj
c:\users\tyler\desktop\bacnet-stack-0.8.2\ports\win32\microsoft visual studio 2010\bacnet stack library\debug\timestamp.obj
c:\users\tyler\desktop\bacnet-stack-0.8.2\ports\win32\microsoft visual studio 2010\bacnet stack library\debug\timesync.obj
c:\users\tyler\desktop\bacnet-stack-0.8.2\ports\win32\microsoft visual studio 2010\bacnet stack library\debug\tsm.obj
c:\users\tyler\desktop\bacnet-stack-0.8.2\ports\win32\microsoft visual studio 2010\bacnet stack library\debug\version.obj
c:\users\tyler\desktop\bacnet-stack-0.8.2\ports\win32\microsoft visual studio 2010\bacnet stack library\debug\whohas.obj
c:\users\tyler\desktop\bacnet-stack-0.8.2\ports\win32\microsoft visual studio 2010\bacnet stack library\debug\whois.obj
c:\users\tyler\desktop\bacnet-stack-0.8.2\ports\win32\microsoft visual studio 2010\bacnet stack library\debug\wp.obj
c:\users\tyler\desktop\bacnet-stack-0.8.2\ports\win32\microsoft visual studio 2010\bacnet stack library\debug\wpm.obj
c:\users\tyler\desktop\bacnet-stack-0.8.2\ports\win32\microsoft visual studio 2010\bacnet stack library\debug\bip-init.obj
c:\users\tyler\desktop\bacnet-stack-0.8.2\ports\win32\microsoft visual studio 2010\bacnet stack library\debug\bigend.obj
c:\users\tyler\desktop\bacnet-stack-0.8.2\ports\win32\microsoft visual studio 2010\bacnet stack library\debug\bip.obj
c:\users\tyler\desktop\bacnet-stack-0.8.2\ports\win32\microsoft visual studio 2010\bacnet stack library\debug\bvlc.obj
c:\users\tyler\desktop\bacnet-stack-0.8.2\ports\win32\microsoft visual studio 2010\bacnet stack library\debug\cov.obj
c:\users\tyler\desktop\bacnet-stack-0.8.2\ports\win32\microsoft visual studio 2010\bacnet stack library\debug\crc.obj
c:\users\tyler\desktop\bacnet-stack-0.8.2\ports\win32\microsoft visual studio 2010\bacnet stack library\debug\datalink.obj
c:\users\tyler\desktop\bacnet-stack-0.8.2\ports\win32\microsoft visual studio 2010\bacnet stack library\debug\datetime.obj
c:\users\tyler\desktop\bacnet-stack-0.8.2\ports\win32\microsoft visual studio 2010\bacnet stack library\debug\dcc.obj
c:\users\tyler\desktop\bacnet-stack-0.8.2\ports\win32\microsoft visual studio 2010\bacnet stack library\debug\debug.obj
c:\users\tyler\desktop\bacnet-stack-0.8.2\ports\win32\microsoft visual studio 2010\bacnet stack library\debug\event.obj
c:\users\tyler\desktop\bacnet-stack-0.8.2\ports\win32\microsoft visual studio 2010\bacnet stack library\debug\fifo.obj
c:\users\tyler\desktop\bacnet-stack-0.8.2\ports\win32\microsoft visual studio 2010\bacnet stack library\debug\filename.obj
c:\users\tyler\desktop\bacnet-stack-0.8.2\ports\win32\microsoft visual studio 2010\bacnet stack library\debug\iam.obj
c:\users\tyler\desktop\bacnet-stack-0.8.2\ports\win32\microsoft visual studio 2010\bacnet stack library\debug\ihave.obj
c:\users\tyler\desktop\bacnet-stack-0.8.2\ports\win32\microsoft visual studio 2010\bacnet stack library\debug\indtext.obj
c:\users\tyler\desktop\bacnet-stack-0.8.2\ports\win32\microsoft visual studio 2010\bacnet stack library\debug\key.obj
c:\users\tyler\desktop\bacnet-stack-0.8.2\ports\win32\microsoft visual studio 2010\bacnet stack library\debug\keylist.obj
c:\users\tyler\desktop\bacnet-stack-0.8.2\ports\win32\microsoft visual studio 2010\bacnet stack library\debug\lso.obj
c:\users\tyler\desktop\bacnet-stack-0.8.2\ports\win32\microsoft visual studio 2010\bacnet stack library\debug\memcopy.obj
c:\users\tyler\desktop\bacnet-stack-0.8.2\ports\win32\microsoft visual studio 2010\bacnet stack library\debug\mstp.obj
c:\users\tyler\desktop\bacnet-stack-0.8.2\ports\win32\microsoft visual studio 2010\bacnet stack library\debug\abort.obj
c:\users\tyler\desktop\bacnet-stack-0.8.2\ports\win32\microsoft visual studio 2010\bacnet stack library\debug\address.obj
c:\users\tyler\desktop\bacnet-stack-0.8.2\ports\win32\microsoft visual studio 2010\bacnet stack library\debug\apdu.obj
c:\users\tyler\desktop\bacnet-stack-0.8.2\ports\win32\microsoft visual studio 2010\bacnet stack library\debug\arf.obj
c:\users\tyler\desktop\bacnet-stack-0.8.2\ports\win32\microsoft visual studio 2010\bacnet stack library\debug\awf.obj
c:\users\tyler\desktop\bacnet-stack-0.8.2\ports\win32\microsoft visual studio 2010\bacnet stack library\debug\bacaddr.obj
c:\users\tyler\desktop\bacnet-stack-0.8.2\ports\win32\microsoft visual studio 2010\bacnet stack library\debug\bacapp.obj
c:\users\tyler\desktop\bacnet-stack-0.8.2\ports\win32\microsoft visual studio 2010\bacnet stack library\debug\bacdcode.obj
c:\users\tyler\desktop\bacnet-stack-0.8.2\ports\win32\microsoft visual studio 2010\bacnet stack library\debug\bacdevobjpropref.obj
c:\users\tyler\desktop\bacnet-stack-0.8.2\ports\win32\microsoft visual studio 2010\bacnet stack library\debug\bacerror.obj
c:\users\tyler\desktop\bacnet-stack-0.8.2\ports\win32\microsoft visual studio 2010\bacnet stack library\debug\bacint.obj
c:\users\tyler\desktop\bacnet-stack-0.8.2\ports\win32\microsoft visual studio 2010\bacnet stack library\debug\bacprop.obj
c:\users\tyler\desktop\bacnet-stack-0.8.2\ports\win32\microsoft visual studio 2010\bacnet stack library\debug\bacpropstates.obj
c:\users\tyler\desktop\bacnet-stack-0.8.2\ports\win32\microsoft visual studio 2010\bacnet stack library\debug\bacreal.obj
c:\users\tyler\desktop\bacnet-stack-0.8.2\ports\win32\microsoft visual studio 2010\bacnet stack library\debug\bacstr.obj
c:\users\tyler\desktop\bacnet-stack-0.8.2\ports\win32\microsoft visual studio 2010\bacnet stack library\debug\bactext.obj
c:\users\tyler\desktop\bacnet-stack-0.8.2\ports\win32\microsoft visual studio 2010\debug\bacnet stack library.lib
c:\users\tyler\desktop\bacnet-stack-0.8.2\ports\win32\microsoft visual studio 2010\bacnet stack library\debug\bacnet s.e9a65567.tlog\cl.command.1.tlog
c:\users\tyler\desktop\bacnet-stack-0.8.2\ports\win32\microsoft visual studio 2010\bacnet stack library\debug\bacnet s.e9a65567.tlog\cl.read.1.tlog
c:\users\tyler\desktop\bacnet-stack-0.8.2\ports\win32\microsoft visual studio 2010\bacnet stack library\debug\bacnet s.e9a65567.tlog\cl.write.1.tlog
c:\users\tyler\desktop\bacnet-stack-0.8.2\ports\win32\microsoft visual studio 2010\bacnet stack library\debug\bacnet s.e9a65567.tlog\lib-link.read.1.tlog
c:\users\tyler\desktop\bacnet-stack-0.8.2\ports\win32\microsoft visual studio 2010\bacnet stack library\debug\bacnet s.e9a65567.tlog\lib-link.write.1.tlog
c:\users\tyler\desktop\bacnet-stack-0.8.2\ports\win32\microsoft visual studio 2010\bacnet stack library\debug\bacnet s.e9a65567.tlog\lib.command.1.tlog
